1552297050710	geckodriver	INFO	geckodriver 0.19.1
1552297050761	geckodriver	INFO	Listening on 127.0.0.1:50058
1552297053952	mozrunner::runner	INFO	Running command: "D:\\Program Files\\Mozilla Firefox\\firefox.exe" "-marionette" "-profile" "C:\\Users\\v-xug\\AppData\\Local\\Temp\\rust_mozprofile.K6b4Z0pc3ZCA"
Unable to read VR Path Registry from C:\Users\v-xug\AppData\Local\openvr\openvrpaths.vrpath
Unable to read VR Path Registry from C:\Users\v-xug\AppData\Local\openvr\openvrpaths.vrpath
Unable to read VR Path Registry from C:\Users\v-xug\AppData\Local\openvr\openvrpaths.vrpath
Unable to read VR Path Registry from C:\Users\v-xug\AppData\Local\openvr\openvrpaths.vrpath
Unable to read VR Path Registry from C:\Users\v-xug\AppData\Local\openvr\openvrpaths.vrpath
1552297060629	Marionette	INFO	Listening on port 50070
1552297061688	Marionette	WARN	TLS certificate errors will be ignored for this session
[Child 15300, Chrome_ChildThread] WARNING: pipe error: 109: file z:/build/build/src/ipc/chromium/src/chrome/common/ipc_channel_win.cc, line 346
[Child 11160, Chrome_ChildThread] WARNING: pipe error: 109: file z:/build/build/src/ipc/chromium/src/chrome/common/ipc_channel_win.cc, line 346
[Child 1116[Parent 18344, Gecko_IOThread] WARNING: pipe error: 109: file z:/build/build/src/ipc/chromium/src/chrome/common/ipc_channel_win.cc, line 346
*** UTM:SVC TimerManager:registerTimer called after profile-before-change notification. Ignoring timer registration for id: telemetry_modules_ping

###!!! [Child][MessageChannel::SendAndWait] Error: Channel error: cannot send/recv

1552353809055	geckodriver	INFO	geckodriver 0.19.1
1552353809078	geckodriver	INFO	Listening on 127.0.0.1:52198
1552353812702	mozrunner::runner	INFO	Running command: "D:\\Program Files\\Mozilla Firefox\\firefox.exe" "-marionette" "-profile" "C:\\Users\\v-xug\\AppData\\Local\\Temp\\rust_mozprofile.ZjnrDtlnntdN"
Unable to read VR Path Registry from C:\Users\v-xug\AppData\Local\openvr\openvrpaths.vrpath
Unable to read VR Path Registry from C:\Users\v-xug\AppData\Local\openvr\openvrpaths.vrpath
Unable to read VR Path Registry from C:\Users\v-xug\AppData\Local\openvr\openvrpaths.vrpath
Unable to read VR Path Registry from C:\Users\v-xug\AppData\Local\openvr\openvrpaths.vrpath
Unable to read VR Path Registry from C:\Users\v-xug\AppData\Local\openvr\openvrpaths.vrpath
1552353826981	Marionette	INFO	Listening on port 52226
1552353827535	Marionette	WARN	TLS certificate errors will be ignored for this session
JavaScript error: https://ss1.bdstatic.com/5eN1bjq8AAUYm2zgoY3K/r/www/cache/static/protocol/https/plugins/every_cookie_4644b13.js, line 4: ReferenceError: c is not defined
JavaScript error: https://sp0.baidu.com/5a1Fazu8AA54nxGko9WTAnF6hhy/su?wd=%E7%BB%93%E6%9D%9F%E6%B5%8F%E8%A7%88%E5%99%A8%E8%BF%9B%E7%A8%8B%E7%9A%84cmd%E5%91%BD%E4%BB%A4&json=1&p=3&sid=1434_21079_28608_28585_28640_28557_28519_28625_28606&req=2&pbs=%E7%BB%93%E6%9D%9F%E6%B5%8F%E8%A7%88%E5%99%A8%E8%BF%9B%E7%A8%8B%E7%9A%84%E9%97%AE%E9%A2%98&csor=13&pwd=%E7%BB%93%E6%9D%9F%E6%B5%8F%E8%A7%88%E5%99%A8%E8%BF%9B%E7%A8%8B%E7%9A%84cmdming%27ling&cb=jQuery1102023996688581143644_1552353831723&_=1552353831781, line 1: TypeError: jQuery1102023996688581143644_1552353831723 is not a function
[Parent 10792, Gecko_IOThread] WARNING: pipe error: 109: file z:/build/build/src/ipc/chromium/src/chrome/common/ipc_channel_win.cc, line 346
[Parent 10792, Gecko_IOThread] WARNING: pipe error: 109: file z:/build/build/src/ipc/chromium/src/chrome/common/ipc_channel_win.cc, line 346
[Child 17172, Chrome_ChildThread] WARNING: pipe error: 109: file z:/build/build/src/ipc/chromium/src/chrome/common/ipc_chann[Child 17412, Chrome_ChiledlT_hwriena.dc]c ,W AlRiNnIe 346
NG: pipe er[Child 17172, Chrormoer_Chil: 109: file z:/build/build/src/ipc/chromium/src/chrome/common/ipc_channel_win.cc, line 346
[Child 17[Parent 10792, Gecko_IOThread] WARNING: pipe error: 109: file z:/build/build/src/ipc/chromium/src/chrome/common/ipc_channel_win.cc, line 346
[Child 2140, Chrome_ChildThread] WARNING: pipe error: 109: file z:/build/build/src/ipc/chromium/src/chrome/common/ipc_channel_win.cc, line 346
[Child 2
###!!! [Child][MessageChannel::SendAndWait] Error: Channel error: cannot send/recv

1552354144524	geckodriver	INFO	geckodriver 0.19.1
1552354144549	geckodriver	INFO	Listening on 127.0.0.1:53122
1552354147708	mozrunner::runner	INFO	Running command: "D:\\Program Files\\Mozilla Firefox\\firefox.exe" "-marionette" "-profile" "C:\\Users\\v-xug\\AppData\\Local\\Temp\\rust_mozprofile.qEju9wjlmfUr"
Unable to read VR Path Registry from C:\Users\v-xug\AppData\Local\openvr\openvrpaths.vrpath
Unable to read VR Path Registry from C:\Users\v-xug\AppData\Local\openvr\openvrpaths.vrpath
Unable to read VR Path Registry from C:\Users\v-xug\AppData\Local\openvr\openvrpaths.vrpath
Unable to read VR Path Registry from C:\Users\v-xug\AppData\Local\openvr\openvrpaths.vrpath
Unable to read VR Path Registry from C:\Users\v-xug\AppData\Local\openvr\openvrpaths.vrpath
1552354152256	Marionette	INFO	Listening on port 53147
1552354153207	Marionette	WARN	TLS certificate errors will be ignored for this session
JavaScript error: https://ss1.bdstatic.com/5eN1bjq8AAUYm2zgoY3K/r/www/cache/static/protocol/https/plugins/every_cookie_4644b13.js, line 4: ReferenceError: c is not defined
1552360436231	geckodriver	INFO	geckodriver 0.19.1
1552360436258	geckodriver	INFO	Listening on 127.0.0.1:63268
1552360439396	mozrunner::runner	INFO	Running command: "D:\\Program Files\\Mozilla Firefox\\firefox.exe" "-marionette" "-profile" "C:\\Users\\v-xug\\AppData\\Local\\Temp\\rust_mozprofile.9U7Q4vooqBJD"
Unable to read VR Path Registry from C:\Users\v-xug\AppData\Local\openvr\openvrpaths.vrpath
Unable to read VR Path Registry from C:\Users\v-xug\AppData\Local\openvr\openvrpaths.vrpath
Unable to read VR Path Registry from C:\Users\v-xug\AppData\Local\openvr\openvrpaths.vrpath
1552360447151	Marionette	INFO	Listening on port 63279
1552360447376	Marionette	WARN	TLS certificate errors will be ignored for this session
Unable to read VR Path Registry from C:\Users\v-xug\AppData\Local\openvr\openvrpaths.vrpath
Unable to read VR Path Registry from C:\Users\v-xug\AppData\Local\openvr\openvrpaths.vrpath
JavaScript error: https://ss1.bdstatic.com/5eN1bjq8AAUYm2zgoY3K/r/www/cache/static/protocol/https/plugins/every_cookie_4644b13.js, line 4: ReferenceError: c is not defined
[Parent 12480, Gecko_IOThread] WARNING: pipe error: 109: file z:/build/build/src/ipc/chromium/src/chrome/common/ipc_channel_win.cc, line 346
[Parent 12480, Gecko_IOThread] WARNING: pipe error: 109: file z:/build/build/src/ipc/chromium/src/chrome/common/ipc_channel_win.cc, line 346
[Child 1100, Chrome_ChildThread] WARNING: pipe error: 109: file z:/build/build/src/ipc/chromium/src/chrome/common/ipc_channel_win.cc, line 346
[Child 1100, Chrome_ChildThrea*** UTM:SVC TimerManager:registerTimer called after profile-before-change notification. Ignoring timer registration for id: telemetry_modules_ping
[GPU 118
###!!! [Child][MessageChannel::SendAndWait] Error: Channel error: cannot send/recv

1552360604546	geckodriver	INFO	geckodriver 0.19.1
1552360604569	geckodriver	INFO	Listening on 127.0.0.1:63551
1552360607779	mozrunner::runner	INFO	Running command: "D:\\Program Files\\Mozilla Firefox\\firefox.exe" "-marionette" "-profile" "C:\\Users\\v-xug\\AppData\\Local\\Temp\\rust_mozprofile.DFhAR0RrdSqL"
Unable to read VR Path Registry from C:\Users\v-xug\AppData\Local\openvr\openvrpaths.vrpath
Unable to read VR Path Registry from C:\Users\v-xug\AppData\Local\openvr\openvrpaths.vrpath
Unable to read VR Path Registry from C:\Users\v-xug\AppData\Local\openvr\openvrpaths.vrpath
Unable to read VR Path Registry from C:\Users\v-xug\AppData\Local\openvr\openvrpaths.vrpath
Unable to read VR Path Registry from C:\Users\v-xug\AppData\Local\openvr\openvrpaths.vrpath
1552360613326	Marionette	INFO	Listening on port 63563
1552360613699	Marionette	WARN	TLS certificate errors will be ignored for this session
[Parent 2392, Gecko_IOThread] WARNING: pipe error: 109: file z:/build/build/src/ipc/chromium/src/chrome/common/ipc_channel_win.cc, line 346

###!!! [Child][RunMessage] Error: Channel closing: too late to send/recv, messages will be lost

[Parent 2392, Gecko_IOThread] WARNING: pipe error: 109: file z:/build/build/src/ipc/chromium/src/chrome/common/ipc_channel_win.cc, line 346
[Child 7020, Chrome_ChildThread] WARNING: pipe error: 109: file z:/build/build/src/ipc/chromium/src/chrome/common/ipc_channel_win.cc, line 346
[Child 70*** UTM:SVC TimerManager:registerTimer called after profile-before-change notification. Ignoring timer registration for id: telemetry_modules_ping
[GPU 9700, Ch
###!!! [Child][MessageChannel::SendAndWait] Error: Channel error: cannot send/recv

1552377830090	geckodriver	INFO	geckodriver 0.19.1
1552377830110	geckodriver	INFO	Listening on 127.0.0.1:56418
1552377833271	mozrunner::runner	INFO	Running command: "D:\\Program Files\\Mozilla Firefox\\firefox.exe" "-marionette" "-profile" "C:\\Users\\v-xug\\AppData\\Local\\Temp\\rust_mozprofile.NEisdhkvtJqm"
Unable to read VR Path Registry from C:\Users\v-xug\AppData\Local\openvr\openvrpaths.vrpath
Unable to read VR Path Registry from C:\Users\v-xug\AppData\Local\openvr\openvrpaths.vrpath
Unable to read VR Path Registry from C:\Users\v-xug\AppData\Local\openvr\openvrpaths.vrpath
Unable to read VR Path Registry from C:\Users\v-xug\AppData\Local\openvr\openvrpaths.vrpath
Unable to read VR Path Registry from C:\Users\v-xug\AppData\Local\openvr\openvrpaths.vrpath
1552377840789	Marionette	INFO	Listening on port 56432
1552377841450	Marionette	WARN	TLS certificate errors will be ignored for this session
[Parent 15964, Gecko_IOThread] WARNING: pipe error: 109: file z:/build/build/src/ipc/chromium/src/chrome/common/ipc_channel_win.cc, line 346
[Child 8524, Chrome_ChildThread] WARNING: pipe error: 109: file z:/build/build/src/ipc/chromium/src/chrome/common/ipc_channel_win.cc, line 346
[Child 8524Unable to read VR Path Registry from C:\Users\v-xug\AppData\Local\openvr\openvrpaths.vrpath
[Parent 15964, Gecko_IOThread] WARNING: pipe error: 109: file z:/build/build/src/ipc/chromium/src/chrome/common/ipc_channel_win.cc, line 346
[Parent 15964, Gecko_IOThread] WARNING: pipe error: 109: file z:/build/build/src/ipc/chromium/src/chrome/common/ipc_channel_win.cc, line 346

###!!! [Child][MessageChannel::SendAndWait] Error: Channel error: cannot send/recv

1552377916381	geckodriver	INFO	geckodriver 0.19.1
1552377916408	geckodriver	INFO	Listening on 127.0.0.1:56582
1552377919617	mozrunner::runner	INFO	Running command: "D:\\Program Files\\Mozilla Firefox\\firefox.exe" "-marionette" "-profile" "C:\\Users\\v-xug\\AppData\\Local\\Temp\\rust_mozprofile.JPgITxlKpYav"
Unable to read VR Path Registry from C:\Users\v-xug\AppData\Local\openvr\openvrpaths.vrpath
Unable to read VR Path Registry from C:\Users\v-xug\AppData\Local\openvr\openvrpaths.vrpath
Unable to read VR Path Registry from C:\Users\v-xug\AppData\Local\openvr\openvrpaths.vrpath
Unable to read VR Path Registry from C:\Users\v-xug\AppData\Local\openvr\openvrpaths.vrpath
Unable to read VR Path Registry from C:\Users\v-xug\AppData\Local\openvr\openvrpaths.vrpath
1552377925119	Marionette	INFO	Listening on port 56594
1552377925533	Marionette	WARN	TLS certificate errors will be ignored for this session
[Parent 4000, Gecko_IOThread] WARNING: pipe error: 109: file z:/build/build/src/ipc/chromium/src/chrome/common/ipc_channel_win.cc, line 346
[Child 4808, Chrome_ChildThread] WARNING: pipe error: 109: file z:/build/build/src/ipc/chromium/src/chrome/common/ipc_channel_win.cc, line 346
[Child 4808, Unable to read VR Path Registry from C:\Users\v-xug\AppData\Local\openvr\openvrpaths.vrpath
[Parent 4000, Gecko_IOThread] WARNING: pipe error: 109: file z:/build/build/src/ipc/chromium/src/chrome/common/ipc_channel_win.cc, line 346
[Parent 4000, Gecko_IOThread] WARNING: pipe error: 109: file z:/build/build/src/ipc/chromium/src/chrome/common/ipc_channel_win.cc, line 346
[Child 17248, Chrome_ChildThread] WARNING: pipe error: 109: file z:/build/build/src/ipc/chromium/src/chrome/common/ipc_channel_win.cc, line 346
[Child 1724
###!!! [Child][MessageChannel::SendAndWait] Error: Channel error: cannot send/recv

1552378870780	geckodriver	INFO	geckodriver 0.19.1
1552378870803	geckodriver	INFO	Listening on 127.0.0.1:58046
1552378873974	mozrunner::runner	INFO	Running command: "D:\\Program Files\\Mozilla Firefox\\firefox.exe" "-marionette" "-profile" "C:\\Users\\v-xug\\AppData\\Local\\Temp\\rust_mozprofile.NgrYltU6WJcR"
Unable to read VR Path Registry from C:\Users\v-xug\AppData\Local\openvr\openvrpaths.vrpath
Unable to read VR Path Registry from C:\Users\v-xug\AppData\Local\openvr\openvrpaths.vrpath
Unable to read VR Path Registry from C:\Users\v-xug\AppData\Local\openvr\openvrpaths.vrpath
Unable to read VR Path Registry from C:\Users\v-xug\AppData\Local\openvr\openvrpaths.vrpath
Unable to read VR Path Registry from C:\Users\v-xug\AppData\Local\openvr\openvrpaths.vrpath
1552378881511	Marionette	INFO	Listening on port 58060
1552378881917	Marionette	WARN	TLS certificate errors will be ignored for this session
[Child 1632, Chrome_ChildThread] WARNING: pipe error: 109: file z:/build/build/src/ipc/chromium/src/chrome/common/ipc_channel_win.cc, line 346
[Child 1632, Chrome_ChildThread]Unable to read VR Path Registry from C:\Users\v-xug\AppData\Local\openvr\openvrpaths.vrpath
[Parent 10388, Gecko_IOThread] WARNING: pipe error: 109: file z:/build/build/src/ipc/chromium/src/chrome/common/ipc_channel_win.cc, line 346
[Child 16988, Chrome_ChildThread] WARNING: pipe error: 109: file z:/build/build/src/ipc/chromium/src/chrome/common/ipc_channel_win.cc, line 346
[Child 16988, Ch[Child 10352, Chrome_ChildThread] WARNING: pipe error: 109: file z:/build/build/src/ipc/chromium/src/chrome/common/ipc_channel_win.cc, line 346
[Child 10[Parent 10388, Gecko_IOThread] WARNING: pipe error: 109: file z:/build/build/src/ipc/chromium/src/chrome/common/ipc_channel_win.cc, line 346
[Child 5016, Chrome_ChildThread] WARNING: pipe error: 109: file z:/build/build/src/ipc/chromium/src/chrome/common/ipc_channel_win.cc, line 346
[Child 5016, Chro[GPU 14068, Chro
###!!! [Child][MessageChannel::SendAndWait] Error: Channel error: cannot send/recv

1552378942212	geckodriver	INFO	geckodriver 0.19.1
1552378942228	geckodriver	INFO	Listening on 127.0.0.1:58169
1552378945417	mozrunner::runner	INFO	Running command: "D:\\Program Files\\Mozilla Firefox\\firefox.exe" "-marionette" "-profile" "C:\\Users\\v-xug\\AppData\\Local\\Temp\\rust_mozprofile.L5cDVWFZs0TB"
Unable to read VR Path Registry from C:\Users\v-xug\AppData\Local\openvr\openvrpaths.vrpath
Unable to read VR Path Registry from C:\Users\v-xug\AppData\Local\openvr\openvrpaths.vrpath
Unable to read VR Path Registry from C:\Users\v-xug\AppData\Local\openvr\openvrpaths.vrpath
Unable to read VR Path Registry from C:\Users\v-xug\AppData\Local\openvr\openvrpaths.vrpath
Unable to read VR Path Registry from C:\Users\v-xug\AppData\Local\openvr\openvrpaths.vrpath
1552378949758	Marionette	INFO	Listening on port 58179
1552378950773	Marionette	WARN	TLS certificate errors will be ignored for this session
[Parent 14388, Gecko_IOThread] WARNING: pipe error: 109: file z:/build/build/src/ipc/chromium/src/chrome/common/ipc_channel_win.cc, line 346
Unable to read VR Path Registry from C:\Users\v-xug\AppData\Local\openvr\openvrpaths.vrpath
[Child 9924, Chrome_ChildThread] WARNING: pipe error: 109: file z:/build/build/src/ipc/chromium/src/chrome/common/ipc_channel_win.cc, line 346
[Child 9924, Chrome_ChildThread] WARNING: pipe error: 109: file z:/build/build/src/ipc/chromium/src/chrome/common/ipc_chann[Parent 14388, Gecko_IOThread] WARNING: pipe error: 109: file z:/build/build/src/ipc/chromium/src/chrome/common/ipc_channel_win.cc, line 346
[GPU 2440,
###!!! [Child][MessageChannel::SendAndWait] Error: Channel error: cannot send/recv

1552461911041	geckodriver	INFO	geckodriver 0.19.1
1552461911061	geckodriver	INFO	Listening on 127.0.0.1:60486
1552461914694	mozrunner::runner	INFO	Running command: "D:\\Program Files\\Mozilla Firefox\\firefox.exe" "-marionette" "-profile" "C:\\Users\\v-xug\\AppData\\Local\\Temp\\rust_mozprofile.sKkcFrnCdSaa"
Unable to read VR Path Registry from C:\Users\v-xug\AppData\Local\openvr\openvrpaths.vrpath
Unable to read VR Path Registry from C:\Users\v-xug\AppData\Local\openvr\openvrpaths.vrpath
Unable to read VR Path Registry from C:\Users\v-xug\AppData\Local\openvr\openvrpaths.vrpath
Unable to read VR Path Registry from C:\Users\v-xug\AppData\Local\openvr\openvrpaths.vrpath
Unable to read VR Path Registry from C:\Users\v-xug\AppData\Local\openvr\openvrpaths.vrpath
1552461923167	Marionette	INFO	Listening on port 60498
1552461925153	Marionette	WARN	TLS certificate errors will be ignored for this session
[Parent 17188, Gecko_IOThread] WARNING: pipe error: 109: file z:/build/build/src/ipc/chromium/src/chrome/common/ipc_channel_win.cc, line 346
[Child 17216, Chrome_ChildThread] WARNING: pipe error: 109: file z:/build/build/src/ipc/chromium/src/chrome/common/ipc_channel_win.cc, line 346
[Child 172[Parent 17188, Gecko_IOThread] WARNING: pipe error: 109: file z:/build/build/src/ipc/chromium/src/chrome/common/ipc_channel_win.cc, line 346
[Child 17016, Chrome_ChildThread] WARNING: pipe error: 109: file z:/build/build/src/ipc/chromium/src/chrome/common/ipc_channel_win.cc, line 346
[Child 170
###!!! [Child][MessageChannel::SendAndWait] Error: Channel error: cannot send/recv

1552462080750	geckodriver	INFO	geckodriver 0.19.1
1552462080768	geckodriver	INFO	Listening on 127.0.0.1:60753
1552462083912	mozrunner::runner	INFO	Running command: "D:\\Program Files\\Mozilla Firefox\\firefox.exe" "-marionette" "-profile" "C:\\Users\\v-xug\\AppData\\Local\\Temp\\rust_mozprofile.CQYqV4MjPJPa"
Unable to read VR Path Registry from C:\Users\v-xug\AppData\Local\openvr\openvrpaths.vrpath
Unable to read VR Path Registry from C:\Users\v-xug\AppData\Local\openvr\openvrpaths.vrpath
Unable to read VR Path Registry from C:\Users\v-xug\AppData\Local\openvr\openvrpaths.vrpath
Unable to read VR Path Registry from C:\Users\v-xug\AppData\Local\openvr\openvrpaths.vrpath
Unable to read VR Path Registry from C:\Users\v-xug\AppData\Local\openvr\openvrpaths.vrpath
1552462089272	Marionette	INFO	Listening on port 60764
1552462089776	Marionette	WARN	TLS certificate errors will be ignored for this session
[Parent 14736, Gecko_IOThread] WARNING: pipe error: 109: file z:/build/build/src/ipc/chromium/src/chrome/common/ipc_channel_win.cc, line 346
[Child 8676, Chrome_ChildThread] WARNING: pipe error: 109: file z:/build/build/src/ipc/chromium/src/chrome/common/ipc_channel_win.cc, line 346
[Child 8676, Chrome_ChildThread] WARNING: pipe [Parent 14736, Gecko_IOThread] WARNING: pipe error: 109: file z:/build/build/src/ipc/chromium/src/chrome/common/ipc_channel_win.cc, line 346
[Child 10592, Chrome_ChildThread] WARNING: pipe error: 109: file z:/build/build/src/ipc/chromium/src/chrome/common/ipc_channel_win.cc, line 346
[Child 10592, Chrome_ChildThread] WARNING: pipe error: 109: file z:/build/build/s
###!!! [Child][MessageChannel::SendAndWait] Error: Channel error: cannot send/recv

1552462182198	geckodriver	INFO	geckodriver 0.19.1
1552462182213	geckodriver	INFO	Listening on 127.0.0.1:60945
1552462185418	mozrunner::runner	INFO	Running command: "D:\\Program Files\\Mozilla Firefox\\firefox.exe" "-marionette" "-profile" "C:\\Users\\v-xug\\AppData\\Local\\Temp\\rust_mozprofile.EcA1bQ0HR6MO"
Unable to read VR Path Registry from C:\Users\v-xug\AppData\Local\openvr\openvrpaths.vrpath
Unable to read VR Path Registry from C:\Users\v-xug\AppData\Local\openvr\openvrpaths.vrpath
Unable to read VR Path Registry from C:\Users\v-xug\AppData\Local\openvr\openvrpaths.vrpath
Unable to read VR Path Registry from C:\Users\v-xug\AppData\Local\openvr\openvrpaths.vrpath
Unable to read VR Path Registry from C:\Users\v-xug\AppData\Local\openvr\openvrpaths.vrpath
1552462189333	Marionette	INFO	Listening on port 60955
1552462189964	Marionette	WARN	TLS certificate errors will be ignored for this session
[Parent 14452, Gecko_IOThread] WARNING: pipe error: 109: file z:/build/build/src/ipc/chromium/src/chrome/common/ipc_channel_win.cc, line 346
1552462289749	addons.productaddons	WARN	Failed downloading via XHR, status: 0, reason: error
1552462289752	addons.productaddons	WARN	Failed downloading via XHR, status: 0, reason: error
[Parent 14452, Gecko_IOThread] WARNING: pipe error: 109: file z:/build/build/src/ipc/chromium/src/chrome/common/ipc_channel_win.cc, line 346
[GPU 14140
###!!! [Child][MessageChannel::SendAndWait] Error: Channel error: cannot send/recv

1552462292716	geckodriver	INFO	geckodriver 0.19.1
1552462292832	geckodriver	INFO	Listening on 127.0.0.1:61180
1552462295908	mozrunner::runner	INFO	Running command: "D:\\Program Files\\Mozilla Firefox\\firefox.exe" "-marionette" "-profile" "C:\\Users\\v-xug\\AppData\\Local\\Temp\\rust_mozprofile.WCWBPoj5ffSn"
Unable to read VR Path Registry from C:\Users\v-xug\AppData\Local\openvr\openvrpaths.vrpath
Unable to read VR Path Registry from C:\Users\v-xug\AppData\Local\openvr\openvrpaths.vrpath
Unable to read VR Path Registry from C:\Users\v-xug\AppData\Local\openvr\openvrpaths.vrpath
Unable to read VR Path Registry from C:\Users\v-xug\AppData\Local\openvr\openvrpaths.vrpath
Unable to read VR Path Registry from C:\Users\v-xug\AppData\Local\openvr\openvrpaths.vrpath
1552462300864	Marionette	INFO	Listening on port 61193
1552462301657	Marionette	WARN	TLS certificate errors will be ignored for this session
[Parent 5784, Gecko_IOThread] WARNING: pipe error: 109: file z:/build/build/src/ipc/chromium/src/chrome/common1552462394829	mozrunner::runner	INFO	Running command: "D:\\Program Files\\Mozilla Firefox\\firefox.exe" "-marionette" "-profile" "C:\\Users\\v-xug\\AppData\\Local\\Temp\\rust_mozprofile.IWe2dnYJPRCr"
Unable to read VR Path Registry from C:\Users\v-xug\AppData\Local\openvr\openvrpaths.vrpath
Unable to read VR Path Registry from C:\Users\v-xug\AppData\Local\openvr\openvrpaths.vrpath
Unable to read VR Path Registry from C:\Users\v-xug\AppData\Local\openvr\openvrpaths.vrpath
Unable to read VR Path Registry from C:\Users\v-xug\AppData\Local\openvr\openvrpaths.vrpath
Unable to read VR Path Registry from C:\Users\v-xug\AppData\Local\openvr\openvrpaths.vrpath
1552462400064	Marionette	INFO	Listening on port 61424
1552462400248	Marionette	WARN	TLS certificate errors will be ignored for this session
[Child 10392, Chrome_ChildThread] WARNING: pipe error: 109: file z:/build/build/src/ipc/chromium/src/chrome/common/ipc_channel_win.cc, line 346
[Child 10392, Chrome_ChildThread] WARNING: pipe error: 109: file z:/build/buil[Parent 2984, Gecko_IOThread] WARNING: pipe error: 109: file z:/build/build/src/ipc/chromium/src/chrome/common/ipc_channel_win.cc, line 346
[Parent 2984, Gecko_IOThread] WARNING: pipe error: 109: file z:/build/build/src/ipc/chromium/src/chrome/common/ipc_channel_win.cc, line 346
[Child 13176, Chrome_ChildThread] WARNING: pipe error: 109: file z:/build/build/src/ipc/chromium/src/chrome/common/ipc_channel_win.cc, line 346
[Child 13176,*** UTM:SVC TimerManager:registerTimer called after profile-before-change notification. Ignoring timer registration for id: telemetry_modules_ping

###!!! [Child][MessageChannel::SendAndWait] Error: Channel error: cannot send/recv

1552462436265	geckodriver	INFO	geckodriver 0.19.1
1552462436281	geckodriver	INFO	Listening on 127.0.0.1:61553
1552462439453	mozrunner::runner	INFO	Running command: "D:\\Program Files\\Mozilla Firefox\\firefox.exe" "-marionette" "-profile" "C:\\Users\\v-xug\\AppData\\Local\\Temp\\rust_mozprofile.9LTyOqMFfYjC"
Unable to read VR Path Registry from C:\Users\v-xug\AppData\Local\openvr\openvrpaths.vrpath
Unable to read VR Path Registry from C:\Users\v-xug\AppData\Local\openvr\openvrpaths.vrpath
Unable to read VR Path Registry from C:\Users\v-xug\AppData\Local\openvr\openvrpaths.vrpath
Unable to read VR Path Registry from C:\Users\v-xug\AppData\Local\openvr\openvrpaths.vrpath
Unable to read VR Path Registry from C:\Users\v-xug\AppData\Local\openvr\openvrpaths.vrpath
1552462443651	Marionette	INFO	Listening on port 61565
1552462444756	Marionette	WARN	TLS certificate errors will be ignored for this session
[Parent 9848, Gecko_IOThread] WARNING: pipe error: 109: file z:/build/build/src/ipc/chromium/src/chrome/common/ipc_channel_win.cc, line 346
[Parent 9848, Gecko_IOThread] WARNING: pipe error: 109: file z:/build/build/src/ipc/chromium/src/chrome/common/ipc_channel_win.cc, line 346
[Child 14268, Chrome_ChildThread] WARNING: pipe error: 109: file z:/build/build/src/ipc/chromium/src/chrome/common/ipc_channel_win.cc, line 346
[Child 14268, Chrome_Chil[dCThread] hild 18504, Chrome_ChildThread] WARNING: pipe error: 109: file z:/build/build/src/ipc/chromium/src/chrome/common/ipc_channel_win.cc, line 346
[Child 18501552462501691	addons.productaddons	WARN	Failed downloading via XHR, status: 0, reason: error
1552462501693	addons.productaddons	WARN	Failed downloading via XHR, status: 0, reason: error

###!!! [Child][MessageChannel::SendAndWait] Error: Channel error: cannot send/recv

1552462627221	geckodriver	INFO	geckodriver 0.19.1
1552462627246	geckodriver	INFO	Listening on 127.0.0.1:61949
1552462630405	mozrunner::runner	INFO	Running command: "D:\\Program Files\\Mozilla Firefox\\firefox.exe" "-marionette" "-profile" "C:\\Users\\v-xug\\AppData\\Local\\Temp\\rust_mozprofile.xWAF01imp9LV"
Unable to read VR Path Registry from C:\Users\v-xug\AppData\Local\openvr\openvrpaths.vrpath
Unable to read VR Path Registry from C:\Users\v-xug\AppData\Local\openvr\openvrpaths.vrpath
Unable to read VR Path Registry from C:\Users\v-xug\AppData\Local\openvr\openvrpaths.vrpath
Unable to read VR Path Registry from C:\Users\v-xug\AppData\Local\openvr\openvrpaths.vrpath
Unable to read VR Path Registry from C:\Users\v-xug\AppData\Local\openvr\openvrpaths.vrpath
1552462635782	Marionette	INFO	Listening on port 61964
1552462636778	Marionette	WARN	TLS certificate errors will be ignored for this session
[Parent 2520, Gecko_IOThread] WARNING: pipe error: 109: file z:/build/build/src/ipc/chromium/src/chrome/common/ipc_channel_win.cc, line 346
[Parent 2520, Gecko_IOThread] WARNING: pipe error: 109: file z:/build/build/src/ipc/chromium/src/chrome/common/ipc_channel_win.cc, line 346
[Child 12436, Chrome_ChildThread] WARNING: pipe error: 109: file z:/build/build/src/ipc/chromium/src/chrome/common/ipc_channel_win.cc, line 346
*** UTM:SVC TimerManager:registerTimer called after profile-before-change notification. Ignoring timer registration for id: telemetry_modules_ping
[GPU 16104, Chr
###!!! [Child][MessageChannel::SendAndWait] Error: Channel error: cannot send/recv

1552462748956	geckodriver	INFO	geckodriver 0.19.1
1552462748976	geckodriver	INFO	Listening on 127.0.0.1:62227
1552462752125	mozrunner::runner	INFO	Running command: "D:\\Program Files\\Mozilla Firefox\\firefox.exe" "-marionette" "-profile" "C:\\Users\\v-xug\\AppData\\Local\\Temp\\rust_mozprofile.82M3EvUI4bhu"
Unable to read VR Path Registry from C:\Users\v-xug\AppData\Local\openvr\openvrpaths.vrpath
Unable to read VR Path Registry from C:\Users\v-xug\AppData\Local\openvr\openvrpaths.vrpath
Unable to read VR Path Registry from C:\Users\v-xug\AppData\Local\openvr\openvrpaths.vrpath
Unable to read VR Path Registry from C:\Users\v-xug\AppData\Local\openvr\openvrpaths.vrpath
Unable to read VR Path Registry from C:\Users\v-xug\AppData\Local\openvr\openvrpaths.vrpath
1552462757095	Marionette	INFO	Listening on port 62240
1552462757876	Marionette	WARN	TLS certificate errors will be ignored for this session
console.warn: LoginRecipes: getRecipes: falling back to a synchronous message for: https://mail.sohu.com
IPDL protocol error: Handler returned error code!

###!!! [Parent][DispatchAsyncMessage] Error: PLayerTransa1552462892537	mozrunner::runner	INFO	Running command: "D:\\Program Files\\Mozilla Firefox\\firefox.exe" "-marionette" "-profile" "C:\\Users\\v-xug\\AppData\\Local\\Temp\\rust_mozprofile.XPiK5MAJfOfJ"
Unable to read VR Path Registry from C:\Users\v-xug\AppData\Local\openvr\openvrpaths.vrpath
Unable to read VR Path Registry from C:\Users\v-xug\AppData\Local\openvr\openvrpaths.vrpath
Unable to read VR Path Registry from C:\Users\v-xug\AppData\Local\openvr\openvrpaths.vrpath
Unable to read VR Path Registry from C:\Users\v-xug\AppData\Local\openvr\openvrpaths.vrpath
Unable to read VR Path Registry from C:\Users\v-xug\AppData\Local\openvr\openvrpaths.vrpath
1552462897750	Marionette	INFO	Listening on port 62534
1552462897874	Marionette	WARN	TLS certificate errors will be ignored for this session
[Parent 12516, Gecko_IOThread] WARNING: pipe error: 109: file z:/build/build/src/ipc/chromium/src/chrome/common/ipc_channel_win.cc, line 346
[Parent 12516, Gecko_IOThread] WARNING: pipe error: 109: file z:/build/build/src/ipc/chromium/src/chrome/common/ipc_channel_win.cc, line 346
[Child 13132, Chrome_ChildThread] WARNING: pipe error: 109: file z:/build/build/src/ipc/chromium/src/chrome/common/ipc_channel_win.cc, line 346
[Child 13132, Chrome_Chil[Parent 12516, Gecko_IOThread] WARNING: pipe error: 109: file z:/build/build/src/ipc/chromium/src/chrome/common/ipc_channel_win.cc, line 346
[Child 6784, Chrome_ChildThread] WARNING: pipe error: 109: file z:/build/build/src/ipc/chromium/src/chrome/common/ipc_channel_win.cc, line 346
[Child 6784, Chrome_ChildThread] WARNING: pipe error: 109: file z:/build/build/s*** UTM:SVC TimerManager:registerTimer called after profile-before-change notification. Ignoring timer registration for id: telemetry_modules_ping
[GPU 15872, Chrom
###!!! [Child][MessageChannel::SendAndWait] Error: Channel error: cannot send/recv

.cc, line 346
[Parent 8828, Gecko_IOThread] WARNING: pipe error: 109: file z:/build/build/src/ipc/chromium/src/chrome/common/ipc_channel_win.cc, line 346
[Child 12932, Chrome_ChildThread] WARNING: pipe error: 109: file z:/build/build/src/ipc/chromium/src/chrome/common/ipc_channel_win.cc, line 346
[Child 12932, Chrome_Child
###!!! [Child][MessageChannel::SendAndWait] Error: Channel error: cannot send/recv

1552462950074	geckodriver	INFO	geckodriver 0.19.1
1552462950090	geckodriver	INFO	Listening on 127.0.0.1:62721
1552462953311	mozrunner::runner	INFO	Running command: "D:\\Program Files\\Mozilla Firefox\\firefox.exe" "-marionette" "-profile" "C:\\Users\\v-xug\\AppData\\Local\\Temp\\rust_mozprofile.UbIUJrAlxfi2"
Unable to read VR Path Registry from C:\Users\v-xug\AppData\Local\openvr\openvrpaths.vrpath
Unable to read VR Path Registry from C:\Users\v-xug\AppData\Local\openvr\openvrpaths.vrpath
Unable to read VR Path Registry from C:\Users\v-xug\AppData\Local\openvr\openvrpaths.vrpath
Unable to read VR Path Registry from C:\Users\v-xug\AppData\Local\openvr\openvrpaths.vrpath
Unable to read VR Path Registry from C:\Users\v-xug\AppData\Local\openvr\openvrpaths.vrpath
1552462957438	Marionette	INFO	Listening on port 62732
1552462957507	Marionette	WARN	TLS certificate errors will be ignored for this session
[Parent 12120, Gecko_IOThread] WARNING: pipe error: 109: file z:/build/build/src/ipc/chromium/src/chrome/common/ipc_channel_win.cc, line 346
[Parent 12120, Gecko_IOThread] WARNING: pipe error: 109: file z:/build/build/src/ipc/chromium/src/chrome/common/ipc_channel_win.cc, line 346
[Parent 12120, Gecko_IOThread] WARNING: pipe error: 109: file z:/build/build/src/ipc/chromium/src/chrome/common/ipc_channel_win.cc, line 346
[GPU 10380, Chrome_ChildThr
###!!! [Child][MessageChannel::SendAndWait] Error: Channel error: cannot send/recv

1552463032939	geckodriver	INFO	geckodriver 0.19.1
1552463032961	geckodriver	INFO	Listening on 127.0.0.1:62953
1552463036129	mozrunner::runner	INFO	Running command: "D:\\Program Files\\Mozilla Firefox\\firefox.exe" "-marionette" "-profile" "C:\\Users\\v-xug\\AppData\\Local\\Temp\\rust_mozprofile.eTI8fBpbkPhs"
Unable to read VR Path Registry from C:\Users\v-xug\AppData\Local\openvr\openvrpaths.vrpath
Unable to read VR Path Registry from C:\Users\v-xug\AppData\Local\openvr\openvrpaths.vrpath
Unable to read VR Path Registry from C:\Users\v-xug\AppData\Local\openvr\openvrpaths.vrpath
Unable to read VR Path Registry from C:\Users\v-xug\AppData\Local\openvr\openvrpaths.vrpath
Unable to read VR Path Registry from C:\Users\v-xug\AppData\Local\openvr\openvrpaths.vrpath
1552463040084	Marionette	INFO	Listening on port 62964
1552463040621	Marionette	WARN	TLS certificate errors will be ignored for this session
[Parent 10736, Gecko_IOThread] WARNING: pipe error: 109: file z:/build/build/src/ipc/chromium/src/chrome/common/ipc_channel_win.cc, line 346
[Parent 10736, Gecko_IOThread] WARNING: pipe error: 109: file z:/build/build/src/ipc/chromium/src/chrome/common/ipc_channel_win.cc, line 346
1552463133592	addons.productaddons	WARN	Failed downloading via XHR, status: 0, reason: error
1552463133594	addons.productaddons	WARN	Failed downloading via XHR, status: 0, reason: error
[Parent 10736, Gecko_IOThread] WARNING: pipe error: 109: file z:/build/build/src/ipc/chromium/src/chrome/common/ipc_channel_win.cc, line 346
[Child 9636, Chrome_ChildThread] WARNING: pipe error: 109: file z:/build/build/src/ipc/chromium/src/chrome/common/ipc_channel_win.cc, line 346
[Child 9636, Chrome_ChildThread] WARNING: pipe error: 109: file z:/build/build/src/ipc/chromium/src/chrome/common/ipc_channel_win.cc, line 346
[GPU 4040
###!!! [Child][MessageChannel::SendAndWait] Error: Channel error: cannot send/recv

1552463136092	geckodriver	INFO	geckodriver 0.19.1
1552463136108	geckodriver	INFO	Listening on 127.0.0.1:63209
1552463139271	mozrunner::runner	INFO	Running command: "D:\\Program Files\\Mozilla Firefox\\firefox.exe" "-marionette" "-profile" "C:\\Users\\v-xug\\AppData\\Local\\Temp\\rust_mozprofile.ryv1kGDU60jb"
Unable to read VR Path Registry from C:\Users\v-xug\AppData\Local\openvr\openvrpaths.vrpath
Unable to read VR Path Registry from C:\Users\v-xug\AppData\Local\openvr\openvrpaths.vrpath
Unable to read VR Path Registry from C:\Users\v-xug\AppData\Local\openvr\openvrpaths.vrpath
Unable to read VR Path Registry from C:\Users\v-xug\AppData\Local\openvr\openvrpaths.vrpath
Unable to read VR Path Registry from C:\Users\v-xug\AppData\Local\openvr\openvrpaths.vrpath
1552463143652	Marionette	INFO	Listening on port 63219
1552463144635	Marionette	WARN	TLS certificate errors will be ignored for this session
[Child 18604, Chrome_ChildThread] WARNING: pipe error: 109: file z:/build/build/src/ipc/chromium/src/chrome/common/ipc_channel_win.cc, line 346
1552463203678	addons.productaddons	WARN	Failed downloading via XHR, status: 0, reason: error
1552463203693	addons.productaddons	WARN	Failed downloading via XHR, status: 0, reason: error
[Parent 16884, Gecko_IOThread] WARNING: pipe error: 109: file z:/build/build/src/ipc/chromium/src/chrome/common/ipc_channel_win.cc, line 346
[Child 6752, Chrome_ChildThread] WARNING: pipe error: 109: file z:/build/build/src/ipc/chromium/src/chrome/common/ipc_channel_win.cc, line 346
[Child 6752, Chrome_ChildThread] WARNING: pipe error: 1
###!!! [Child][MessageChannel::SendAndWait] Error: Channel error: cannot send/recv

1552463889424	geckodriver	INFO	geckodriver 0.19.1
1552463889450	geckodriver	INFO	Listening on 127.0.0.1:64374
1552463892647	mozrunner::runner	INFO	Running command: "D:\\Program Files\\Mozilla Firefox\\firefox.exe" "-marionette" "-profile" "C:\\Users\\v-xug\\AppData\\Local\\Temp\\rust_mozprofile.Elup5cKTf5Uk"
Unable to read VR Path Registry from C:\Users\v-xug\AppData\Local\openvr\openvrpaths.vrpath
Unable to read VR Path Registry from C:\Users\v-xug\AppData\Local\openvr\openvrpaths.vrpath
Unable to read VR Path Registry from C:\Users\v-xug\AppData\Local\openvr\openvrpaths.vrpath
Unable to read VR Path Registry from C:\Users\v-xug\AppData\Local\openvr\openvrpaths.vrpath
Unable to read VR Path Registry from C:\Users\v-xug\AppData\Local\openvr\openvrpaths.vrpath
1552463896742	Marionette	INFO	Listening on port 64386
1552463897130	Marionette	WARN	TLS certificate errors will be ignored for this session
[Child 17540, Chrome_ChildThread] WARNING: pipe error: 109: file z:/build/build/src/ipc/chromium/src/chrome/common/ipc_channel_win.cc, line 346
[Child 17540, Chro[Parent 13260, Gecko_IOThread] WARNING: pipe error: 109: file z:/build/build/src/ipc/chromium/src/chrome/common/ipc_channel_win.cc, line 346
[Parent 13260, Gecko_IOThread] WARNING: pipe error: 109: file z:/build/build/src/ipc/chromium/src/chrome/common/ipc_channel_win.cc, line 346
[Child 15140, Chrome_ChildThread] WARNING: pipe error: 109: file z:/build/build/src/ipc/chromium/src/chrome/common/ipc_channel_win.cc, line 346
[Child 15140, Chr[GPU 6752,
###!!! [Child][MessageChannel::SendAndWait] Error: Channel error: cannot send/recv

1552465791602	geckodriver	INFO	geckodriver 0.19.1
1552465791623	geckodriver	INFO	Listening on 127.0.0.1:51135
1552465794771	mozrunner::runner	INFO	Running command: "D:\\Program Files\\Mozilla Firefox\\firefox.exe" "-marionette" "-profile" "C:\\Users\\v-xug\\AppData\\Local\\Temp\\rust_mozprofile.eeainr2En2nJ"
Unable to read VR Path Registry from C:\Users\v-xug\AppData\Local\openvr\openvrpaths.vrpath
Unable to read VR Path Registry from C:\Users\v-xug\AppData\Local\openvr\openvrpaths.vrpath
Unable to read VR Path Registry from C:\Users\v-xug\AppData\Local\openvr\openvrpaths.vrpath
Unable to read VR Path Registry from C:\Users\v-xug\AppData\Local\openvr\openvrpaths.vrpath
Unable to read VR Path Registry from C:\Users\v-xug\AppData\Local\openvr\openvrpaths.vrpath
1552465799915	Marionette	INFO	Listening on port 51147
1552465800152	Marionette	WARN	TLS certificate errors will be ignored for this session

###!!! [Child][MessageChannel::SendAndWait] Error: Channel error: cannot send/recv

1552706790964	geckodriver	INFO	geckodriver 0.19.1
1552706790986	geckodriver	INFO	Listening on 127.0.0.1:55624
1552706794378	mozrunner::runner	INFO	Running command: "D:\\Program Files\\Mozilla Firefox\\firefox.exe" "-marionette" "-profile" "C:\\Users\\v-xug\\AppData\\Local\\Temp\\rust_mozprofile.HWXKu2TZ34Ff"
Unable to read VR Path Registry from C:\Users\v-xug\AppData\Local\openvr\openvrpaths.vrpath
Unable to read VR Path Registry from C:\Users\v-xug\AppData\Local\openvr\openvrpaths.vrpath
Unable to read VR Path Registry from C:\Users\v-xug\AppData\Local\openvr\openvrpaths.vrpath
Unable to read VR Path Registry from C:\Users\v-xug\AppData\Local\openvr\openvrpaths.vrpath
Unable to read VR Path Registry from C:\Users\v-xug\AppData\Local\openvr\openvrpaths.vrpath
1552706800855	Marionette	INFO	Listening on port 55638
1552706801905	Marionette	WARN	TLS certificate errors will be ignored for this session
JavaScript warning: http://oatest.fandow.com/public/js/dwz.accordion.js, line 205: unreachable code after return statement
JavaScript warning: http://oatest.fandow.com/public/js/dwz.accordion.js, line 205: unreachable code after return statement
[Child 2080, Chrome_ChildThread] WARNING: pipe error: 109: file z:/build/build/src/ipc/chromium/src/chrome/com1552706931422	mozrunner::runner	INFO	Running command: "D:\\Program Files\\Mozilla Firefox\\firefox.exe" "-marionette" "-profile" "C:\\Users\\v-xug\\AppData\\Local\\Temp\\rust_mozprofile.hOOwMwZrIQRU"
Unable to read VR Path Registry from C:\Users\v-xug\AppData\Local\openvr\openvrpaths.vrpath
Unable to read VR Path Registry from C:\Users\v-xug\AppData\Local\openvr\openvrpaths.vrpath
Unable to read VR Path Registry from C:\Users\v-xug\AppData\Local\openvr\openvrpaths.vrpath
Unable to read VR Path Registry from C:\Users\v-xug\AppData\Local\openvr\openvrpaths.vrpath
Unable to read VR Path Registry from C:\Users\v-xug\AppData\Local\openvr\openvrpaths.vrpath
1552706935685	Marionette	INFO	Listening on port 55904
1552706936792	Marionette	WARN	TLS certificate errors will be ignored for this session
JavaScript warning: http://oatest.fandow.com/public/js/dwz.accordion.js, line 205: unreachable code after return statement
JavaScript warning: http://oatest.fandow.com/public/js/dwz.accordion.js, line 205: unreachable code after return statement
[Parent 8704, Gecko_IOThread] WARNING: pipe error: 109: file z:/build/build/src/ipc/chromium/src/chrome/common1552707208082	mozrunner::runner	INFO	Running command: "D:\\Program Files\\Mozilla Firefox\\firefox.exe" "-marionette" "-profile" "C:\\Users\\v-xug\\AppData\\Local\\Temp\\rust_mozprofile.iLT5HpIeAblC"
Unable to read VR Path Registry from C:\Users\v-xug\AppData\Local\openvr\openvrpaths.vrpath
Unable to read VR Path Registry from C:\Users\v-xug\AppData\Local\openvr\openvrpaths.vrpath
Unable to read VR Path Registry from C:\Users\v-xug\AppData\Local\openvr\openvrpaths.vrpath
Unable to read VR Path Registry from C:\Users\v-xug\AppData\Local\openvr\openvrpaths.vrpath
Unable to read VR Path Registry from C:\Users\v-xug\AppData\Local\openvr\openvrpaths.vrpath
1552707212681	Marionette	INFO	Listening on port 56330
1552707213479	Marionette	WARN	TLS certificate errors will be ignored for this session
JavaScript warning: http://oatest.fandow.com/public/js/dwz.accordion.js, line 205: unreachable code after return statement
JavaScript warning: http://oatest.fandow.com/public/js/dwz.accordion.js, line 205: unreachable code after return statement
[Parent 14328, Gecko_IOThread] WARNING: pipe error: 109: file z:/build/build/src/ipc/chromium/src/chrome/common/ipc_channel_win.cc, line 346
[Parent 14328, Gecko_IOThread] WARNING: pipe error: 109: file z:/build/build/src/ipc/chromium/src/chrome/common/ipc_channel_win.cc, line 346
[GPU 3020, Chrome_ChildThread] 
###!!! [Child][MessageChannel::SendAndWait] Error: Channel error: cannot send/recv

Unable to read VR Path Registry from C:\Users\v-xug\AppData\Local\openvr\openvrpaths.vrpath
Unable to read VR Path Registry from C:\Users\v-xug\AppData\Local\openvr\openvrpaths.vrpath
Unable to read VR Path Registry from C:\Users\v-xug\AppData\Local\openvr\openvrpaths.vrpath
Unable to read VR Path Registry from C:\Users\v-xug\AppData\Local\openvr\openvrpaths.vrpath
1552707295810	Marionette	INFO	Listening on port 56507
1552707297177	Marionette	WARN	TLS certificate errors will be ignored for this session
JavaScript warning: http://oatest.fandow.com/public/js/dwz.accordion.js, line 205: unreachable code after return statement
JavaScript warning: http://oatest.fandow.com/public/js/dwz.accordion.js, line 205: unreachable code after return statement
IPDL protocol error: Handler returned error code!

###!!! [Parent][DispatchAsyncMessage] Error: PLayerTransaction::Msg_ReleaseLayer Processing error: message was deserialized, but the handler returned false (indicating failure)

IPDL protocol error: Handler returned error code!

###!!! [Parent][DispatchAsyncMessage] Error: PLayerTransaction::Msg_ReleaseLayer Processing error: message was deserialized, but the handler returned false (indicating failure)

IPDL protocol error: Handler returned error code!

###!!! [Parent][DispatchAsyncMessage] Error: PLayerTransaction::Msg_ReleaseLayer Processing error: message was deserialized, but the handler returned false (indicating failure)

IPDL protocol error: Handler returned error code!

###!!! [Parent][DispatchAsyncMessage] Error: PLayerTransaction::Msg_ReleaseLayer Processing error: message was deserialized, but the handler returned false (indicating failure)

IPDL protocol error: Handler returned error code!

###!!! [Parent][DispatchAsyncMessage] Error: PLayerTransaction::Msg_ReleaseLayer Processing error: message was deserialized, but the handler returned false (indicating failure)

[Parent 3112, Gecko_IOThread] WARNING: pipe error: 109: file z:/build/build/src/ipc/chromium/src/chrome/common/ipc_channel_win.cc, line 346
[Child 1508, Chrome_ChildThread] WARNING: pipe error: 109: file z:/build/build/src/ipc/chromium/src/chrome/common/ipc_channel_win.cc, line 346
[Child 1508, [Parent 3112, Gecko_IOThread] WARNING: pipe error: 109: file z:/build/build/src/ipc/chromium/src/chrome/common/ipc_channel_win.cc, line 346
[Child 12572, Chrome_ChildThread] WARNING: pipe error: 109: file z:/build/build/src/ipc/chromium/src/chrome/common/ipc_channel_win.cc, line 346
[Child 125
###!!! [Child][MessageChannel::SendAndWait] Error: Channel error: cannot send/recv

1552707519953	geckodriver	INFO	geckodriver 0.19.1
1552707519979	geckodriver	INFO	Listening on 127.0.0.1:56875
1552707523283	mozrunner::runner	INFO	Running command: "D:\\Program Files\\Mozilla Firefox\\firefox.exe" "-marionette" "-profile" "C:\\Users\\v-xug\\AppData\\Local\\Temp\\rust_mozprofile.utFKOcpAed9A"
Unable to read VR Path Registry from C:\Users\v-xug\AppData\Local\openvr\openvrpaths.vrpath
Unable to read VR Path Registry from C:\Users\v-xug\AppData\Local\openvr\openvrpaths.vrpath
Unable to read VR Path Registry from C:\Users\v-xug\AppData\Local\openvr\openvrpaths.vrpath
Unable to read VR Path Registry from C:\Users\v-xug\AppData\Local\openvr\openvrpaths.vrpath
Unable to read VR Path Registry from C:\Users\v-xug\AppData\Local\openvr\openvrpaths.vrpath
1552707527427	Marionette	INFO	Listening on port 56887
1552707527912	Marionette	WARN	TLS certificate errors will be ignored for this session
JavaScript warning: http://oatest.fandow.com/public/js/dwz.accordion.js, line 205: unreachable code after return statement
JavaScript warning: http://oatest.fandow.com/public/js/dwz.accordion.js, line 205: unreachable code after return statement
[Parent 5588, Gecko_IOThread] WARNING: pipe error: 109: file z:/build/build/src/ipc/chromium/src/chrome/common/ipc_channel_win.cc, line 346
[Parent 5588, Gecko_IOThread] WARNING: pipe error: 109: file z:/build/build/src/ipc/chromium/src/chrome/common/ipc_channel_win.cc, line 346
[Child 12060, Chrome_ChildThread] WARNING: pipe error: 109: file z:/build/build/src/ipc/chromium/src/chrome/common/ipc_channel_win.cc, line 346
[Child 12060, Chrome_ChildThread] WARNING: pipe error: 109: file z:/build/build/src/ipc/chromium/src/chrome/common/ipc_channel_win.cc, line 346
[Parent 5588, Gecko_IOThread] WARNING: pipe error: 109: file z:/build/build/src/ipc/chromium/src/chrome/common/ipc_channel_win.cc, line 346
[GPU 926
###!!! [Child][MessageChannel::SendAndWait] Error: Channel error: cannot send/recv

ening on port 57101
1552707633481	Marionette	WARN	TLS certificate errors will be ignored for this session
JavaScript warning: http://oatest.fandow.com/public/js/dwz.accordion.js, line 205: unreachable code after return statement
JavaScript warning: http://oatest.fandow.com/public/js/dwz.accordion.js, line 205: unreachable code after return statement
[Parent 5644, Gecko_IOThread] WARNING: pipe error: 109: file z:/build/build/src/ipc/chromium/src/chrome/common/ipc_channel_win.cc, line 346
IPDL protocol error: Handler returned error code!

###!!! [Parent][DispatchAsyncMessage] Error: PLayerTransaction::Msg_ReleaseLayer Processing error: message was deserialized, but the handler returned false (indicating failure)

IPDL protocol error: Handler returned error code!

###!!! [Parent][DispatchAsyncMessage] Error: PLayerTransaction::Msg_ReleaseLayer Processing error: message was deserialized, but the handler returned false (indicating failure)

IPDL protocol error: Handler returned error code!

###!!! [Parent][DispatchAsyncMessage] Error: PLayerTransaction::Msg_ReleaseLayer Processing error: message was deserialized, but the handler returned false (indicating failure)

IPDL protocol error: Handler returned error code!

###!!! [Parent][DispatchAsyncMessage] Error: PLayerTransaction::Msg_ReleaseLayer Processing error: message was deserialized, but the handler returned false (indicating failure)

IPDL protocol error: Handler returned error code!

###!!! [Parent][DispatchAsyncMessage] Error: PLayerTransaction::Msg_ReleaseLayer Processing error: message was deserialized, but the handler returned false (indicating failure)

IPDL protocol error: Handler returned error code!

###!!! [Parent][DispatchAsyncMessage] Error: PLayerTransaction::Msg_ReleaseLayer Processing error: message was deserialized, but the handler returned false (indicating failure)

IPDL protocol error: Handler returned error code!

###!!! [Parent][DispatchAsyncMessage] Error: PLayerTransaction::Msg_ReleaseLayer Processing error: message was deserialized, but the handler returned false (indicating failure)

[Parent 5644, Gecko_IOThread] WARNING: pipe error: 109: file z:/build/build/src/ipc/chromium/src/chrome/common/ipc_channel_win.cc, line 346
[Parent 5644, Gecko_IOThread] WARNING: pipe error: 109: file z:/build/build/src/ipc/chromium/src/chrome/common/ipc_channel_win.cc, line 346
*** UTM:SVC TimerManager:registerTimer called after profile-before-change notification. Ignoring timer registration for id: telemetry_modules_ping
[GPU 2224, C
###!!! [Child][MessageChannel::SendAndWait] Error: Channel error: cannot send/recv

1552707834177	geckodriver	INFO	geckodriver 0.19.1
1552707834200	geckodriver	INFO	Listening on 127.0.0.1:57425
1552707837470	mozrunner::runner	INFO	Running command: "D:\\Program Files\\Mozilla Firefox\\firefox.exe" "-marionette" "-profile" "C:\\Users\\v-xug\\AppData\\Local\\Temp\\rust_mozprofile.6ymWdYkmcta6"
Unable to read VR Path Registry from C:\Users\v-xug\AppData\Local\openvr\openvrpaths.vrpath
Unable to read VR Path Registry from C:\Users\v-xug\AppData\Local\openvr\openvrpaths.vrpath
Unable to read VR Path Registry from C:\Users\v-xug\AppData\Local\openvr\openvrpaths.vrpath
Unable to read VR Path Registry from C:\Users\v-xug\AppData\Local\openvr\openvrpaths.vrpath
Unable to read VR Path Registry from C:\Users\v-xug\AppData\Local\openvr\openvrpaths.vrpath
1552707842295	Marionette	INFO	Listening on port 57437
1552707843103	Marionette	WARN	TLS certificate errors will be ignored for this session
JavaScript warning: http://oatest.fandow.com/public/js/dwz.accordion.js, line 205: unreachable code after return statement
JavaScript warning: http://oatest.fandow.com/public/js/dwz.accordion.js, line 205: unreachable code after return statement
[Parent 1324, Gecko_IOThread] WARNING: pipe error: 109: file z:/build/build/src/ipc/chromium/src/chrome/common/ipc_channel_win.cc, line 346
[Parent 1324, Gecko_IOThread] WARNING: pipe error: 109: file z:/build/build/src/ipc/chromium/src/chrome/common/ipc_channel_win.cc, line 346
[Child 12392, Chrome_ChildThread] WARNING: pipe error: 109: file z:/build/build/src/ipc/chromium/src/chrome/common/ipc_channel_win.cc, line 346
[Child 12392, Chrome_ChildThread] WARNING: pipe error: 109: file z:/build/build/src/ipc/chromium/src/chrome/common/ipc_channel_win.cc, line 346
[Parent 1324, Gecko_IOThread] WARNING: pipe error: 109: file z:/build/build/src/ipc/chromium/src/chrome/common/ipc_channel_win.cc, line 346
[Child 3480, Chrome_ChildThread] WARNING: pipe error: 109: file z:/build/build/src/ipc/chromium/src/chrome/common/ipc_channel_win.cc, line 346
[Child 3480, Chrome_ChildThread] WARNING: pipe error: 109: file z:/build/build/src/ipc/chromium/src/chrome/common/ipc_channel_win.cc, line 346

###!!! [Child][MessageChannel::SendAndWait] Error: Channel error: cannot send/recv

1552715603198	geckodriver	INFO	geckodriver 0.19.1
1552715603215	geckodriver	INFO	Listening on 127.0.0.1:51653
1552715606399	mozrunner::runner	INFO	Running command: "D:\\Program Files\\Mozilla Firefox\\firefox.exe" "-marionette" "-profile" "C:\\Users\\v-xug\\AppData\\Local\\Temp\\rust_mozprofile.USju21fePaJA"
Unable to read VR Path Registry from C:\Users\v-xug\AppData\Local\openvr\openvrpaths.vrpath
Unable to read VR Path Registry from C:\Users\v-xug\AppData\Local\openvr\openvrpaths.vrpath
Unable to read VR Path Registry from C:\Users\v-xug\AppData\Local\openvr\openvrpaths.vrpath
Unable to read VR Path Registry from C:\Users\v-xug\AppData\Local\openvr\openvrpaths.vrpath
Unable to read VR Path Registry from C:\Users\v-xug\AppData\Local\openvr\openvrpaths.vrpath
1552715610279	Marionette	INFO	Listening on port 51663
1552715610725	Marionette	WARN	TLS certificate errors will be ignored for this session
JavaScript warning: http://oatest.fandow.com/public/js/dwz.accordion.js, line 205: unreachable code after return statement
JavaScript warning: http://oatest.fandow.com/public/js/dwz.accordion.js, line 205: unreachable code after return statement
[Child 10004, Chrome_ChildThread] WARNING: pipe error: 109: file z:/build/build/src/ipc/chromium/src/chrome/co1552715662935	mozrunner::runner	INFO	Running command: "D:\\Program Files\\Mozilla Firefox\\firefox.exe" "-marionette" "-profile" "C:\\Users\\v-xug\\AppData\\Local\\Temp\\rust_mozprofile.Zw9MA81ve2S2"
Unable to read VR Path Registry from C:\Users\v-xug\AppData\Local\openvr\openvrpaths.vrpath
Unable to read VR Path Registry from C:\Users\v-xug\AppData\Local\openvr\openvrpaths.vrpath
Unable to read VR Path Registry from C:\Users\v-xug\AppData\Local\openvr\openvrpaths.vrpath
Unable to read VR Path Registry from C:\Users\v-xug\AppData\Local\openvr\openvrpaths.vrpath
Unable to read VR Path Registry from C:\Users\v-xug\AppData\Local\openvr\openvrpaths.vrpath
1552715666934	Marionette	INFO	Listening on port 51813
1552715667402	Marionette	WARN	TLS certificate errors will be ignored for this session
JavaScript warning: http://oatest.fandow.com/public/js/dwz.accordion.js, line 205: unreachable code after return statement
JavaScript warning: http://oatest.fandow.com/public/js/dwz.accordion.js, line 205: unreachable code after return statement
[Child 5000, Chrome_ChildThread] WARNING: pipe error: 109: file z:/build/build/src/ipc/chromium/src/chrome/common/ipc_channel_win.cc, line 346
IPDL protocol error: Handler returned error code!

###!!! [Parent][DispatchAsyncMessage] Error: PLayerTransaction::Msg_ReleaseLayer Processing error: message was deserialized, but the handler returned false (indicating failure)

IPDL protocol error: Handler returned error code!

###!!! [Parent][DispatchAsyncMessage] Error: PLayerTransaction::Msg_ReleaseLayer Processing error: message was deserialized, but the handler returned false (indicating failure)

IPDL protocol error: Handler returned error code!

###!!! [Parent][DispatchAsyncMessage] Error: PLayerTransaction::Msg_ReleaseLayer Processing error: message was deserialized, but the handler returned false (indicating failure)

IPDL protocol error: Handler returned error code!

###!!! [Parent][DispatchAsyncMessage] Error: PLayerTransaction::Msg_ReleaseLayer Processing error: message was deserialized, but the handler returned false (indicating failure)

IPDL protocol error: Handler returned error code!

###!!! [Parent][DispatchAsyncMessage[Child 15276, Chrome_ChildThread] WARNING: pipe error: 109: file z:/build/build/src/ipc/chromium/src/chrome/common/ipc_channel_win.cc, line 346
[Child 15276, Chr[Parent 13652, Gecko_IOThread] WARNING: pipe error: 109: file z:/build/build/src/ipc/chromium/src/chrome/common/ipc_channel_win.cc, line 346
[Child 10492, Chrome_ChildThread] WARNING: pipe error: 109: file z:/build/build/src/ipc/chromium/src/chrome/common/ipc_channel_win.cc, line 346
[Child 1049
###!!! [Child][MessageChannel::SendAndWait] Error: Channel error: cannot send/recv

lized, but the handler returned false (indicating failure)

IPDL protocol error: Handler returned error code!

###!!! [Parent][DispatchAsyncMessage] Error: PLayerTransaction::Msg_ReleaseLayer Processing error: message was deserialized, but the handler returned false (indicating failure)

[Parent 16588, Gecko_IOThread] WARNING: pipe error: 109: file z:/build/build/src/ipc/chromium/src/chrome/common/ipc_channel_win.cc, line 346
[GPU 14884, C
###!!! [Child][MessageChannel::SendAndWait] Error: Channel error: cannot send/recv

1552715924128	geckodriver	INFO	geckodriver 0.19.1
1552715924145	geckodriver	INFO	Listening on 127.0.0.1:52294
1552715927263	mozrunner::runner	INFO	Running command: "D:\\Program Files\\Mozilla Firefox\\firefox.exe" "-marionette" "-profile" "C:\\Users\\v-xug\\AppData\\Local\\Temp\\rust_mozprofile.2hd6uaAiqHq9"
Unable to read VR Path Registry from C:\Users\v-xug\AppData\Local\openvr\openvrpaths.vrpath
Unable to read VR Path Registry from C:\Users\v-xug\AppData\Local\openvr\openvrpaths.vrpath
Unable to read VR Path Registry from C:\Users\v-xug\AppData\Local\openvr\openvrpaths.vrpath
Unable to read VR Path Registry from C:\Users\v-xug\AppData\Local\openvr\openvrpaths.vrpath
Unable to read VR Path Registry from C:\Users\v-xug\AppData\Local\openvr\openvrpaths.vrpath
1552715931201	Marionette	INFO	Listening on port 52304
1552715931681	Marionette	WARN	TLS certificate errors will be ignored for this session
JavaScript warning: http://oatest.fandow.com/public/js/dwz.accordion.js, line 205: unreachable code after return statement
JavaScript warning: http://oatest.fandow.com/public/js/dwz.accordion.js, line 205: unreachable code after return statement
[Parent 15944, Gecko_IOThread] WARNING: pipe error: 109: file z:/build/build/src/ipc/chromium/src/chrome/common/ipc_channel_win.cc, line 346
[Parent 15944, Gecko_IOThread] WARNING: pipe error: 109: file z:/build/build/src/ipc/chromium/src/chrome/common/ipc_channel_win.cc, line 346
[Child 13728, Chrome_ChildThread] WARNING: pipe error: 109: file z:/build/build/src/ipc/chromium/src/chrome/common/ipc_channel_win.cc, line 346
[Child 13728, Chrome_ChildThread] WARNING: pipe error: 109: file z:/build/build/src/ipc/chromium/src/chrome/common/ipc_channel_win.cc, line 346

###!!! [Child][MessageChannel::SendAndWait] Error: Channel error: cannot send/recv

openvrpaths.vrpath
Unable to read VR Path Registry from C:\Users\v-xug\AppData\Local\openvr\openvrpaths.vrpath
1552716135431	Marionette	INFO	Listening on port 52663
1552716135957	Marionette	WARN	TLS certificate errors will be ignored for this session
JavaScript warning: http://oatest.fandow.com/public/js/dwz.accordion.js, line 205: unreachable code after return statement
JavaScript warning: http://oatest.fandow.com/public/js/dwz.accordion.js, line 205: unreachable code after return statement
[Parent 7356, Gecko_IOThread] WARNING: pipe error: 109: file z:/build/build/src/ipc/chromium/src/chrome/common1552716230138	mozrunner::runner	INFO	Running command: "D:\\Program Files\\Mozilla Firefox\\firefox.exe" "-marionette" "-profile" "C:\\Users\\v-xug\\AppData\\Local\\Temp\\rust_mozprofile.pFZYL34CT8sA"
Unable to read VR Path Registry from C:\Users\v-xug\AppData\Local\openvr\openvrpaths.vrpath
Unable to read VR Path Registry from C:\Users\v-xug\AppData\Local\openvr\openvrpaths.vrpath
Unable to read VR Path Registry from C:\Users\v-xug\AppData\Local\openvr\openvrpaths.vrpath
Unable to read VR Path Registry from C:\Users\v-xug\AppData\Local\openvr\openvrpaths.vrpath
Unable to read VR Path Registry from C:\Users\v-xug\AppData\Local\openvr\openvrpaths.vrpath
1552716234535	Marionette	INFO	Listening on port 52867
1552716235492	Marionette	WARN	TLS certificate errors will be ignored for this session
JavaScript warning: http://oatest.fandow.com/public/js/dwz.accordion.js, line 205: unreachable code after return statement
JavaScript warning: http://oatest.fandow.com/public/js/dwz.accordion.js, line 205: unreachable code after return statement
[Parent 15788, Gecko_IOThread] WARNING: pipe error: 109: file z:/build/build/src/ipc/chromium/src/chrome/common/ipc_channel_win.cc, line 346
[Parent 15788, Gecko_IOThread] WARNING: pipe error: 109: file z:/build/build/src/ipc/chromium/src/chrome/common/ipc_channel_win.cc, line 346
[Child 16132, Chrome_ChildThread] WARNING: pipe error: 109: file z:/build/build/src/ipc/chromium/src/chrome/common/ipc_chann[el_wiChilnd. c7c5,7 2l,i nCeh r3ome_Chi46
ldThread] WARNING:[C pipe error: 109: file z:/build/build/src/ipc/chromium/src/chrome/common/ipc_channel_win.cc, line 346
[Child 7572,[Parent 15788, Gecko_IOThread] WARNING: pipe error: 109: file z:/build/build/src/ipc/chromium/src/chrome/common/ipc_channel_win.cc, line 346
[GPU 17
###!!! [Child][MessageChannel::SendAndWait] Error: Channel error: cannot send/recv

1553842737568	geckodriver	INFO	geckodriver 0.19.1
1553842737591	geckodriver	INFO	Listening on 127.0.0.1:53208
1553842740911	mozrunner::runner	INFO	Running command: "D:\\Program Files\\Mozilla Firefox\\firefox.exe" "-marionette" "-profile" "C:\\Users\\v-xug\\AppData\\Local\\Temp\\rust_mozprofile.KCXYAk7Y6e9e"
Unable to read VR Path Registry from C:\Users\v-xug\AppData\Local\openvr\openvrpaths.vrpath
Unable to read VR Path Registry from C:\Users\v-xug\AppData\Local\openvr\openvrpaths.vrpath
Unable to read VR Path Registry from C:\Users\v-xug\AppData\Local\openvr\openvrpaths.vrpath
Unable to read VR Path Registry from C:\Users\v-xug\AppData\Local\openvr\openvrpaths.vrpath
1553842750819	Marionette	INFO	Listening on port 53220
Unable to read VR Path Registry from C:\Users\v-xug\AppData\Local\openvr\openvrpaths.vrpath
1553842751369	Marionette	WARN	TLS certificate errors will be ignored for this session
JavaScript error: https://www.baidu.com/, line 728: ReferenceError: initPreload is not defined
1553842824723	addons.productaddons	WARN	Failed downloading XML, status: 0, reason: timeout
n 127.0.0.1:53271
1553842779509	mozrunner::runner	INFO	Running command: "D:\\Program Files\\Mozilla Firefox\\firefox.exe" "-marionette" "-profile" "C:\\Users\\v-xug\\AppData\\Local\\Temp\\rust_mozprofile.cfIPatJDpEN1"
Unable to read VR Path Registry from C:\Users\v-xug\AppData\Local\openvr\openvrpaths.vrpath
Unable to read VR Path Registry from C:\Users\v-xug\AppData\Local\openvr\openvrpaths.vrpath
Unable to read VR Path Registry from C:\Users\v-xug\AppData\Local\openvr\openvrpaths.vrpath
Unable to read VR Path Registry from C:\Users\v-xug\AppData\Local\openvr\openvrpaths.vrpath
Unable to read VR Path Registry from C:\Users\v-xug\AppData\Local\openvr\openvrpaths.vrpath
1553842786239	Marionette	INFO	Listening on port 53330
1553842800585	Marionette	WARN	TLS certificate errors will be ignored for this session
1553842827575	addons.productaddons	WARN	Failed downloading XML, status: 0, reason: timeout
